\BOOKMARK [0][-]{chapter*.4}{Nomenclature}{}% 1
\BOOKMARK [0][-]{chapter.1}{1\040Introduction}{}% 2
\BOOKMARK [1][-]{section.1.1}{1.1\040Context}{chapter.1}% 3
\BOOKMARK [2][-]{subsection.1.1.1}{1.1.1\040Bridgestone\040World\040Solar\040Challenge}{section.1.1}% 4
\BOOKMARK [2][-]{subsection.1.1.2}{1.1.2\040Alpha\040Centauri\040Team}{section.1.1}% 5
\BOOKMARK [1][-]{section.1.2}{1.2\040Motivation}{chapter.1}% 6
\BOOKMARK [1][-]{section.1.3}{1.3\040Objective}{chapter.1}% 7
\BOOKMARK [1][-]{section.1.4}{1.4\040State\040of\040the\040Research}{chapter.1}% 8
\BOOKMARK [2][-]{subsection.1.4.1}{1.4.1\040Modeling}{section.1.4}% 9
\BOOKMARK [2][-]{subsection.1.4.2}{1.4.2\040Optimization\040of\040the\040Race\040Strategy}{section.1.4}% 10
\BOOKMARK [1][-]{section.1.5}{1.5\040Structure\040of\040the\040Report}{chapter.1}% 11
\BOOKMARK [0][-]{chapter.2}{2\040Modeling}{}% 12
\BOOKMARK [1][-]{section.2.1}{2.1\040Vehicle}{chapter.2}% 13
\BOOKMARK [2][-]{subsection.2.1.1}{2.1.1\040Longitudinal\040Vehicle\040Dynamics}{section.2.1}% 14
\BOOKMARK [2][-]{subsection.2.1.2}{2.1.2\040Electric\040Motor}{section.2.1}% 15
\BOOKMARK [2][-]{subsection.2.1.3}{2.1.3\040Photovoltaic\040Module}{section.2.1}% 16
\BOOKMARK [2][-]{subsection.2.1.4}{2.1.4\040Battery\040Pack}{section.2.1}% 17
\BOOKMARK [2][-]{subsection.2.1.5}{2.1.5\040Power\040Balance}{section.2.1}% 18
\BOOKMARK [1][-]{section.2.2}{2.2\040Route\040on\040Stuart\040Highway}{chapter.2}% 19
\BOOKMARK [2][-]{subsection.2.2.1}{2.2.1\040Longitude,\040Latitude,\040and\040Distance}{section.2.2}% 20
\BOOKMARK [2][-]{subsection.2.2.2}{2.2.2\040Altitude}{section.2.2}% 21
\BOOKMARK [2][-]{subsection.2.2.3}{2.2.3\040Inclination}{section.2.2}% 22
\BOOKMARK [2][-]{subsection.2.2.4}{2.2.4\040Speed\040Limit}{section.2.2}% 23
\BOOKMARK [1][-]{section.2.3}{2.3\040Meteorological\040Conditions}{chapter.2}% 24
\BOOKMARK [2][-]{subsection.2.3.1}{2.3.1\040Solar\040Global\040Irradiance}{section.2.3}% 25
\BOOKMARK [2][-]{subsection.2.3.2}{2.3.2\040Ambient\040Temperature}{section.2.3}% 26
\BOOKMARK [2][-]{subsection.2.3.3}{2.3.3\040Wind\040Speed}{section.2.3}% 27
\BOOKMARK [1][-]{section.2.4}{2.4\040Official\040Rules}{chapter.2}% 28
\BOOKMARK [0][-]{chapter.3}{3\040Simulation\040of\040the\040Bridgestone\040World\040Solar\040Challenge}{}% 29
\BOOKMARK [1][-]{section.3.1}{3.1\040Preparation}{chapter.3}% 30
\BOOKMARK [1][-]{section.3.2}{3.2\040Plant}{chapter.3}% 31
\BOOKMARK [2][-]{subsection.3.2.1}{3.2.1\040Longitudinal\040Vehicle\040Dynamics}{section.3.2}% 32
\BOOKMARK [2][-]{subsection.3.2.2}{3.2.2\040Electric\040Motor}{section.3.2}% 33
\BOOKMARK [2][-]{subsection.3.2.3}{3.2.3\040PV\040Module}{section.3.2}% 34
\BOOKMARK [2][-]{subsection.3.2.4}{3.2.4\040Battery\040Pack}{section.3.2}% 35
\BOOKMARK [1][-]{section.3.3}{3.3\040Weather}{chapter.3}% 36
\BOOKMARK [1][-]{section.3.4}{3.4\040Driver}{chapter.3}% 37
\BOOKMARK [2][-]{subsection.3.4.1}{3.4.1\040Decision\040Maker}{section.3.4}% 38
\BOOKMARK [2][-]{subsection.3.4.2}{3.4.2\040Controllers}{section.3.4}% 39
\BOOKMARK [0][-]{chapter.4}{4\040Energy\040Usage\040Optimization\040and\040Long-Term\040Strategy}{}% 40
\BOOKMARK [1][-]{section.4.1}{4.1\040General\040Concept}{chapter.4}% 41
\BOOKMARK [2][-]{subsection.4.1.1}{4.1.1\040Time\040Domain}{section.4.1}% 42
\BOOKMARK [2][-]{subsection.4.1.2}{4.1.2\040Space\040Domain}{section.4.1}% 43
\BOOKMARK [1][-]{section.4.2}{4.2\040Practical\040Considerations}{chapter.4}% 44
\BOOKMARK [2][-]{subsection.4.2.1}{4.2.1\040Intersection\040During\040Overnight\040Stop}{section.4.2}% 45
\BOOKMARK [2][-]{subsection.4.2.2}{4.2.2\040Overlapping\040Stops}{section.4.2}% 46
\BOOKMARK [2][-]{subsection.4.2.3}{4.2.3\040Lower\040Bound\040Violation}{section.4.2}% 47
\BOOKMARK [2][-]{subsection.4.2.4}{4.2.4\040Energy\040Optimization\040After\040Corrected\040Worst\040Violation}{section.4.2}% 48
\BOOKMARK [1][-]{section.4.3}{4.3\040Recursive\040Algorithm}{chapter.4}% 49
\BOOKMARK [0][-]{chapter.5}{5\040Results\040and\040Discussion}{}% 50
\BOOKMARK [1][-]{section.5.1}{5.1\040Simulation}{chapter.5}% 51
\BOOKMARK [2][-]{subsection.5.1.1}{5.1.1\040Driver\040Behavior}{section.5.1}% 52
\BOOKMARK [2][-]{subsection.5.1.2}{5.1.2\040Sensitivity\040Analysis}{section.5.1}% 53
\BOOKMARK [1][-]{section.5.2}{5.2\040Optimized\040State-of-Charge\040Reference\040Profile}{chapter.5}% 54
\BOOKMARK [0][-]{chapter.6}{6\040Conclusion\040and\040Outlook}{}% 55
\BOOKMARK [1][-]{section.6.1}{6.1\040Modeling}{chapter.6}% 56
\BOOKMARK [1][-]{section.6.2}{6.2\040Simulation}{chapter.6}% 57
\BOOKMARK [1][-]{section.6.3}{6.3\040Strategy}{chapter.6}% 58
\BOOKMARK [0][-]{chapter*.64}{Bibliography}{}% 59
